<?xml version="1.0" encoding="UTF-8"?>
<coverage generated="1620605924182" clover="3.2.0">
  <project timestamp="1620605924182" name="All files">
    <metrics statements="33" coveredstatements="14" conditionals="20" coveredconditionals="5" methods="4" coveredmethods="2" elements="57" coveredelements="21" complexity="0" loc="33" ncloc="33" packages="1" files="2" classes="2"/>
    <file name="binary-search-tree.js" path="/Users/nicolebaldwin/Documents/code fellows/class/301/data-structures-and-algorithms/challenges401/tree/binary-search-tree.js">
      <metrics statements="29" coveredstatements="13" conditionals="18" coveredconditionals="5" methods="3" coveredmethods="2"/>
      <line num="3" count="1" type="stmt"/>
      <line num="7" count="3" type="stmt"/>
      <line num="11" count="7" type="stmt"/>
      <line num="12" count="7" type="cond" truecount="2" falsecount="0"/>
      <line num="13" count="2" type="stmt"/>
      <line num="14" count="2" type="stmt"/>
      <line num="16" count="5" type="stmt"/>
      <line num="17" count="5" type="stmt"/>
      <line num="18" count="5" type="cond" truecount="1" falsecount="1"/>
      <line num="19" count="5" type="cond" truecount="1" falsecount="1"/>
      <line num="20" count="0" type="cond" truecount="0" falsecount="2"/>
      <line num="21" count="0" type="stmt"/>
      <line num="22" count="0" type="stmt"/>
      <line num="24" count="0" type="stmt"/>
      <line num="26" count="5" type="cond" truecount="1" falsecount="1"/>
      <line num="27" count="0" type="stmt"/>
      <line num="28" count="0" type="stmt"/>
      <line num="30" count="5" type="stmt"/>
      <line num="35" count="0" type="cond" truecount="0" falsecount="2"/>
      <line num="36" count="0" type="stmt"/>
      <line num="37" count="0" type="stmt"/>
      <line num="38" count="0" type="cond" truecount="0" falsecount="2"/>
      <line num="39" count="0" type="cond" truecount="0" falsecount="2"/>
      <line num="40" count="0" type="stmt"/>
      <line num="41" count="0" type="cond" truecount="0" falsecount="2"/>
      <line num="42" count="0" type="stmt"/>
      <line num="44" count="0" type="stmt"/>
      <line num="47" count="0" type="stmt"/>
      <line num="51" count="1" type="stmt"/>
    </file>
    <file name="node.js" path="/Users/nicolebaldwin/Documents/code fellows/class/301/data-structures-and-algorithms/challenges401/tree/node.js">
      <metrics statements="4" coveredstatements="1" conditionals="2" coveredconditionals="0" methods="1" coveredmethods="0"/>
      <line num="5" count="0" type="stmt"/>
      <line num="6" count="0" type="stmt"/>
      <line num="7" count="0" type="stmt"/>
      <line num="11" count="1" type="stmt"/>
    </file>
  </project>
</coverage>
