{"/Users/nicolebaldwin/Documents/code fellows/class/301/data-structures-and-algorithms/challenges401/tree/binary-search-tree.js": {"path":"/Users/nicolebaldwin/Documents/code fellows/class/301/data-structures-and-algorithms/challenges401/tree/binary-search-tree.js","statementMap":{"0":{"start":{"line":3,"column":13},"end":{"line":3,"column":33}},"1":{"start":{"line":7,"column":4},"end":{"line":7,"column":21}},"2":{"start":{"line":11,"column":18},"end":{"line":11,"column":33}},"3":{"start":{"line":12,"column":4},"end":{"line":15,"column":5}},"4":{"start":{"line":13,"column":6},"end":{"line":13,"column":26}},"5":{"start":{"line":14,"column":6},"end":{"line":14,"column":18}},"6":{"start":{"line":16,"column":18},"end":{"line":16,"column":27}},"7":{"start":{"line":17,"column":4},"end":{"line":32,"column":5}},"8":{"start":{"line":18,"column":6},"end":{"line":18,"column":51}},"9":{"start":{"line":18,"column":34},"end":{"line":18,"column":51}},"10":{"start":{"line":19,"column":6},"end":{"line":31,"column":7}},"11":{"start":{"line":20,"column":8},"end":{"line":23,"column":9}},"12":{"start":{"line":21,"column":10},"end":{"line":21,"column":33}},"13":{"start":{"line":22,"column":10},"end":{"line":22,"column":22}},"14":{"start":{"line":24,"column":8},"end":{"line":24,"column":31}},"15":{"start":{"line":26,"column":8},"end":{"line":29,"column":9}},"16":{"start":{"line":27,"column":10},"end":{"line":27,"column":34}},"17":{"start":{"line":28,"column":10},"end":{"line":28,"column":22}},"18":{"start":{"line":30,"column":8},"end":{"line":30,"column":32}},"19":{"start":{"line":35,"column":4},"end":{"line":35,"column":40}},"20":{"start":{"line":35,"column":27},"end":{"line":35,"column":40}},"21":{"start":{"line":36,"column":18},"end":{"line":36,"column":27}},"22":{"start":{"line":37,"column":14},"end":{"line":37,"column":19}},"23":{"start":{"line":38,"column":4},"end":{"line":46,"column":5}},"24":{"start":{"line":39,"column":6},"end":{"line":45,"column":7}},"25":{"start":{"line":40,"column":8},"end":{"line":40,"column":31}},"26":{"start":{"line":41,"column":13},"end":{"line":45,"column":7}},"27":{"start":{"line":42,"column":8},"end":{"line":42,"column":32}},"28":{"start":{"line":44,"column":8},"end":{"line":44,"column":20}},"29":{"start":{"line":47,"column":4},"end":{"line":47,"column":17}},"30":{"start":{"line":51,"column":15},"end":{"line":51,"column":24}},"31":{"start":{"line":52,"column":13},"end":{"line":52,"column":15}},"32":{"start":{"line":53,"column":14},"end":{"line":53,"column":16}},"33":{"start":{"line":54,"column":4},"end":{"line":54,"column":21}},"34":{"start":{"line":56,"column":4},"end":{"line":61,"column":5}},"35":{"start":{"line":57,"column":6},"end":{"line":57,"column":27}},"36":{"start":{"line":58,"column":6},"end":{"line":58,"column":28}},"37":{"start":{"line":59,"column":6},"end":{"line":59,"column":42}},"38":{"start":{"line":59,"column":20},"end":{"line":59,"column":42}},"39":{"start":{"line":60,"column":6},"end":{"line":60,"column":44}},"40":{"start":{"line":60,"column":21},"end":{"line":60,"column":44}},"41":{"start":{"line":62,"column":4},"end":{"line":62,"column":16}},"42":{"start":{"line":67,"column":0},"end":{"line":67,"column":34}}},"fnMap":{"0":{"name":"(anonymous_0)","decl":{"start":{"line":6,"column":2},"end":{"line":6,"column":3}},"loc":{"start":{"line":6,"column":27},"end":{"line":8,"column":3}},"line":6},"1":{"name":"(anonymous_1)","decl":{"start":{"line":10,"column":2},"end":{"line":10,"column":3}},"loc":{"start":{"line":10,"column":13},"end":{"line":33,"column":3}},"line":10},"2":{"name":"(anonymous_2)","decl":{"start":{"line":34,"column":2},"end":{"line":34,"column":3}},"loc":{"start":{"line":34,"column":16},"end":{"line":48,"column":3}},"line":34},"3":{"name":"(anonymous_3)","decl":{"start":{"line":50,"column":2},"end":{"line":50,"column":3}},"loc":{"start":{"line":50,"column":7},"end":{"line":63,"column":3}},"line":50}},"branchMap":{"0":{"loc":{"start":{"line":6,"column":14},"end":{"line":6,"column":25}},"type":"default-arg","locations":[{"start":{"line":6,"column":21},"end":{"line":6,"column":25}}],"line":6},"1":{"loc":{"start":{"line":12,"column":4},"end":{"line":15,"column":5}},"type":"if","locations":[{"start":{"line":12,"column":4},"end":{"line":15,"column":5}},{"start":{"line":12,"column":4},"end":{"line":15,"column":5}}],"line":12},"2":{"loc":{"start":{"line":18,"column":6},"end":{"line":18,"column":51}},"type":"if","locations":[{"start":{"line":18,"column":6},"end":{"line":18,"column":51}},{"start":{"line":18,"column":6},"end":{"line":18,"column":51}}],"line":18},"3":{"loc":{"start":{"line":19,"column":6},"end":{"line":31,"column":7}},"type":"if","locations":[{"start":{"line":19,"column":6},"end":{"line":31,"column":7}},{"start":{"line":19,"column":6},"end":{"line":31,"column":7}}],"line":19},"4":{"loc":{"start":{"line":20,"column":8},"end":{"line":23,"column":9}},"type":"if","locations":[{"start":{"line":20,"column":8},"end":{"line":23,"column":9}},{"start":{"line":20,"column":8},"end":{"line":23,"column":9}}],"line":20},"5":{"loc":{"start":{"line":26,"column":8},"end":{"line":29,"column":9}},"type":"if","locations":[{"start":{"line":26,"column":8},"end":{"line":29,"column":9}},{"start":{"line":26,"column":8},"end":{"line":29,"column":9}}],"line":26},"6":{"loc":{"start":{"line":35,"column":4},"end":{"line":35,"column":40}},"type":"if","locations":[{"start":{"line":35,"column":4},"end":{"line":35,"column":40}},{"start":{"line":35,"column":4},"end":{"line":35,"column":40}}],"line":35},"7":{"loc":{"start":{"line":38,"column":10},"end":{"line":38,"column":27}},"type":"binary-expr","locations":[{"start":{"line":38,"column":10},"end":{"line":38,"column":17}},{"start":{"line":38,"column":21},"end":{"line":38,"column":27}}],"line":38},"8":{"loc":{"start":{"line":39,"column":6},"end":{"line":45,"column":7}},"type":"if","locations":[{"start":{"line":39,"column":6},"end":{"line":45,"column":7}},{"start":{"line":39,"column":6},"end":{"line":45,"column":7}}],"line":39},"9":{"loc":{"start":{"line":41,"column":13},"end":{"line":45,"column":7}},"type":"if","locations":[{"start":{"line":41,"column":13},"end":{"line":45,"column":7}},{"start":{"line":41,"column":13},"end":{"line":45,"column":7}}],"line":41},"10":{"loc":{"start":{"line":59,"column":6},"end":{"line":59,"column":42}},"type":"if","locations":[{"start":{"line":59,"column":6},"end":{"line":59,"column":42}},{"start":{"line":59,"column":6},"end":{"line":59,"column":42}}],"line":59},"11":{"loc":{"start":{"line":60,"column":6},"end":{"line":60,"column":44}},"type":"if","locations":[{"start":{"line":60,"column":6},"end":{"line":60,"column":44}},{"start":{"line":60,"column":6},"end":{"line":60,"column":44}}],"line":60}},"s":{"0":1,"1":4,"2":6,"3":6,"4":1,"5":1,"6":5,"7":5,"8":8,"9":0,"10":8,"11":4,"12":2,"13":2,"14":2,"15":4,"16":3,"17":3,"18":1,"19":1,"20":0,"21":1,"22":1,"23":1,"24":1,"25":0,"26":1,"27":0,"28":1,"29":0,"30":1,"31":1,"32":1,"33":1,"34":1,"35":6,"36":6,"37":6,"38":2,"39":6,"40":3,"41":1,"42":1},"f":{"0":4,"1":6,"2":1,"3":1},"b":{"0":[3],"1":[1,5],"2":[0,8],"3":[4,4],"4":[2,2],"5":[3,1],"6":[0,1],"7":[1,1],"8":[0,1],"9":[0,1],"10":[2,4],"11":[3,3]},"_coverageSchema":"1a1c01bbd47fc00a2c39e90264f33305004495a9","hash":"705715fcc8cb2ad14f370ff28e7fb070331f2a8e"}
,"/Users/nicolebaldwin/Documents/code fellows/class/301/data-structures-and-algorithms/challenges401/tree/node.js": {"path":"/Users/nicolebaldwin/Documents/code fellows/class/301/data-structures-and-algorithms/challenges401/tree/node.js","statementMap":{"0":{"start":{"line":5,"column":4},"end":{"line":5,"column":23}},"1":{"start":{"line":6,"column":4},"end":{"line":6,"column":21}},"2":{"start":{"line":7,"column":4},"end":{"line":7,"column":23}},"3":{"start":{"line":11,"column":0},"end":{"line":11,"column":22}}},"fnMap":{"0":{"name":"(anonymous_0)","decl":{"start":{"line":4,"column":2},"end":{"line":4,"column":3}},"loc":{"start":{"line":4,"column":48},"end":{"line":8,"column":3}},"line":4}},"branchMap":{"0":{"loc":{"start":{"line":4,"column":21},"end":{"line":4,"column":32}},"type":"default-arg","locations":[{"start":{"line":4,"column":28},"end":{"line":4,"column":32}}],"line":4},"1":{"loc":{"start":{"line":4,"column":34},"end":{"line":4,"column":46}},"type":"default-arg","locations":[{"start":{"line":4,"column":42},"end":{"line":4,"column":46}}],"line":4}},"s":{"0":20,"1":20,"2":20,"3":1},"f":{"0":20},"b":{"0":[20],"1":[20]},"_coverageSchema":"1a1c01bbd47fc00a2c39e90264f33305004495a9","hash":"0ec59600eb653a31e997203e308363995a51fe2a"}
,"/Users/nicolebaldwin/Documents/code fellows/class/301/data-structures-and-algorithms/challenges401/tree/tree.js": {"path":"/Users/nicolebaldwin/Documents/code fellows/class/301/data-structures-and-algorithms/challenges401/tree/tree.js","statementMap":{"0":{"start":{"line":5,"column":4},"end":{"line":5,"column":21}},"1":{"start":{"line":11,"column":18},"end":{"line":11,"column":20}},"2":{"start":{"line":13,"column":16},"end":{"line":17,"column":5}},"3":{"start":{"line":14,"column":6},"end":{"line":14,"column":31}},"4":{"start":{"line":15,"column":6},"end":{"line":15,"column":37}},"5":{"start":{"line":15,"column":20},"end":{"line":15,"column":37}},"6":{"start":{"line":16,"column":6},"end":{"line":16,"column":39}},"7":{"start":{"line":16,"column":21},"end":{"line":16,"column":39}},"8":{"start":{"line":18,"column":4},"end":{"line":18,"column":34}},"9":{"start":{"line":19,"column":4},"end":{"line":19,"column":21}},"10":{"start":{"line":20,"column":4},"end":{"line":20,"column":19}},"11":{"start":{"line":24,"column":18},"end":{"line":24,"column":20}},"12":{"start":{"line":26,"column":16},"end":{"line":30,"column":5}},"13":{"start":{"line":27,"column":6},"end":{"line":27,"column":37}},"14":{"start":{"line":27,"column":20},"end":{"line":27,"column":37}},"15":{"start":{"line":28,"column":6},"end":{"line":28,"column":31}},"16":{"start":{"line":29,"column":6},"end":{"line":29,"column":39}},"17":{"start":{"line":29,"column":21},"end":{"line":29,"column":39}},"18":{"start":{"line":31,"column":4},"end":{"line":31,"column":21}},"19":{"start":{"line":32,"column":4},"end":{"line":32,"column":19}},"20":{"start":{"line":36,"column":18},"end":{"line":36,"column":20}},"21":{"start":{"line":38,"column":16},"end":{"line":42,"column":5}},"22":{"start":{"line":39,"column":6},"end":{"line":39,"column":37}},"23":{"start":{"line":39,"column":20},"end":{"line":39,"column":37}},"24":{"start":{"line":40,"column":6},"end":{"line":40,"column":39}},"25":{"start":{"line":40,"column":21},"end":{"line":40,"column":39}},"26":{"start":{"line":41,"column":6},"end":{"line":41,"column":31}},"27":{"start":{"line":43,"column":4},"end":{"line":43,"column":21}},"28":{"start":{"line":44,"column":4},"end":{"line":44,"column":19}},"29":{"start":{"line":48,"column":14},"end":{"line":48,"column":29}},"30":{"start":{"line":49,"column":17},"end":{"line":49,"column":23}},"31":{"start":{"line":50,"column":4},"end":{"line":54,"column":5}},"32":{"start":{"line":50,"column":16},"end":{"line":50,"column":17}},"33":{"start":{"line":51,"column":6},"end":{"line":53,"column":7}},"34":{"start":{"line":52,"column":8},"end":{"line":52,"column":24}},"35":{"start":{"line":55,"column":4},"end":{"line":55,"column":18}},"36":{"start":{"line":60,"column":0},"end":{"line":60,"column":28}}},"fnMap":{"0":{"name":"(anonymous_0)","decl":{"start":{"line":4,"column":2},"end":{"line":4,"column":3}},"loc":{"start":{"line":4,"column":27},"end":{"line":6,"column":3}},"line":4},"1":{"name":"(anonymous_1)","decl":{"start":{"line":10,"column":2},"end":{"line":10,"column":3}},"loc":{"start":{"line":10,"column":13},"end":{"line":21,"column":3}},"line":10},"2":{"name":"(anonymous_2)","decl":{"start":{"line":13,"column":16},"end":{"line":13,"column":17}},"loc":{"start":{"line":13,"column":24},"end":{"line":17,"column":5}},"line":13},"3":{"name":"(anonymous_3)","decl":{"start":{"line":23,"column":2},"end":{"line":23,"column":3}},"loc":{"start":{"line":23,"column":12},"end":{"line":33,"column":3}},"line":23},"4":{"name":"(anonymous_4)","decl":{"start":{"line":26,"column":16},"end":{"line":26,"column":17}},"loc":{"start":{"line":26,"column":24},"end":{"line":30,"column":5}},"line":26},"5":{"name":"(anonymous_5)","decl":{"start":{"line":35,"column":2},"end":{"line":35,"column":3}},"loc":{"start":{"line":35,"column":14},"end":{"line":45,"column":3}},"line":35},"6":{"name":"(anonymous_6)","decl":{"start":{"line":38,"column":16},"end":{"line":38,"column":17}},"loc":{"start":{"line":38,"column":24},"end":{"line":42,"column":5}},"line":38},"7":{"name":"(anonymous_7)","decl":{"start":{"line":47,"column":2},"end":{"line":47,"column":3}},"loc":{"start":{"line":47,"column":21},"end":{"line":56,"column":3}},"line":47}},"branchMap":{"0":{"loc":{"start":{"line":4,"column":14},"end":{"line":4,"column":25}},"type":"default-arg","locations":[{"start":{"line":4,"column":21},"end":{"line":4,"column":25}}],"line":4},"1":{"loc":{"start":{"line":15,"column":6},"end":{"line":15,"column":37}},"type":"if","locations":[{"start":{"line":15,"column":6},"end":{"line":15,"column":37}},{"start":{"line":15,"column":6},"end":{"line":15,"column":37}}],"line":15},"2":{"loc":{"start":{"line":16,"column":6},"end":{"line":16,"column":39}},"type":"if","locations":[{"start":{"line":16,"column":6},"end":{"line":16,"column":39}},{"start":{"line":16,"column":6},"end":{"line":16,"column":39}}],"line":16},"3":{"loc":{"start":{"line":27,"column":6},"end":{"line":27,"column":37}},"type":"if","locations":[{"start":{"line":27,"column":6},"end":{"line":27,"column":37}},{"start":{"line":27,"column":6},"end":{"line":27,"column":37}}],"line":27},"4":{"loc":{"start":{"line":29,"column":6},"end":{"line":29,"column":39}},"type":"if","locations":[{"start":{"line":29,"column":6},"end":{"line":29,"column":39}},{"start":{"line":29,"column":6},"end":{"line":29,"column":39}}],"line":29},"5":{"loc":{"start":{"line":39,"column":6},"end":{"line":39,"column":37}},"type":"if","locations":[{"start":{"line":39,"column":6},"end":{"line":39,"column":37}},{"start":{"line":39,"column":6},"end":{"line":39,"column":37}}],"line":39},"6":{"loc":{"start":{"line":40,"column":6},"end":{"line":40,"column":39}},"type":"if","locations":[{"start":{"line":40,"column":6},"end":{"line":40,"column":39}},{"start":{"line":40,"column":6},"end":{"line":40,"column":39}}],"line":40},"7":{"loc":{"start":{"line":51,"column":6},"end":{"line":53,"column":7}},"type":"if","locations":[{"start":{"line":51,"column":6},"end":{"line":53,"column":7}},{"start":{"line":51,"column":6},"end":{"line":53,"column":7}}],"line":51}},"s":{"0":1,"1":1,"2":1,"3":18,"4":18,"5":8,"6":18,"7":8,"8":1,"9":1,"10":1,"11":0,"12":0,"13":0,"14":0,"15":0,"16":0,"17":0,"18":0,"19":0,"20":0,"21":0,"22":0,"23":0,"24":0,"25":0,"26":0,"27":0,"28":0,"29":1,"30":1,"31":1,"32":1,"33":17,"34":2,"35":1,"36":1},"f":{"0":1,"1":1,"2":18,"3":0,"4":0,"5":0,"6":0,"7":1},"b":{"0":[1],"1":[8,10],"2":[8,10],"3":[0,0],"4":[0,0],"5":[0,0],"6":[0,0],"7":[2,15]},"_coverageSchema":"1a1c01bbd47fc00a2c39e90264f33305004495a9","hash":"978b2edb09383667d06160058fcb2d35abfbad1b"}
}
