{"/Users/nicolebaldwin/Documents/code fellows/class/301/data-structures-and-algorithms/challenges401/repeatedWord/repeated-word.js": {"path":"/Users/nicolebaldwin/Documents/code fellows/class/301/data-structures-and-algorithms/challenges401/repeatedWord/repeated-word.js","statementMap":{"0":{"start":{"line":3,"column":15},"end":{"line":3,"column":142}},"1":{"start":{"line":6,"column":17},"end":{"line":6,"column":31}},"2":{"start":{"line":7,"column":13},"end":{"line":7,"column":15}},"3":{"start":{"line":9,"column":2},"end":{"line":15,"column":3}},"4":{"start":{"line":9,"column":15},"end":{"line":9,"column":16}},"5":{"start":{"line":10,"column":4},"end":{"line":14,"column":5}},"6":{"start":{"line":10,"column":17},"end":{"line":10,"column":22}},"7":{"start":{"line":11,"column":6},"end":{"line":13,"column":7}},"8":{"start":{"line":12,"column":8},"end":{"line":12,"column":31}},"9":{"start":{"line":16,"column":2},"end":{"line":16,"column":17}},"10":{"start":{"line":19,"column":0},"end":{"line":19,"column":34}},"11":{"start":{"line":21,"column":0},"end":{"line":21,"column":28}}},"fnMap":{"0":{"name":"wordRepeat","decl":{"start":{"line":5,"column":9},"end":{"line":5,"column":19}},"loc":{"start":{"line":5,"column":25},"end":{"line":17,"column":1}},"line":5}},"branchMap":{"0":{"loc":{"start":{"line":11,"column":6},"end":{"line":13,"column":7}},"type":"if","locations":[{"start":{"line":11,"column":6},"end":{"line":13,"column":7}},{"start":{"line":11,"column":6},"end":{"line":13,"column":7}}],"line":11}},"s":{"0":1,"1":4,"2":4,"3":4,"4":4,"5":176,"6":176,"7":7691,"8":329,"9":4,"10":1,"11":1},"f":{"0":4},"b":{"0":[329,7362]},"_coverageSchema":"1a1c01bbd47fc00a2c39e90264f33305004495a9","hash":"11ad61aa899549e00503006b2f99c9ae3c6a2a1a"}
}
