TN:
SF:challenges401/tree/binary-search-tree.js
FN:6,(anonymous_0)
FN:10,(anonymous_1)
FN:34,(anonymous_2)
FN:50,(anonymous_3)
FNF:4
FNH:4
FNDA:4,(anonymous_0)
FNDA:6,(anonymous_1)
FNDA:1,(anonymous_2)
FNDA:1,(anonymous_3)
DA:3,1
DA:7,4
DA:11,6
DA:12,6
DA:13,1
DA:14,1
DA:16,5
DA:17,5
DA:18,8
DA:19,8
DA:20,4
DA:21,2
DA:22,2
DA:24,2
DA:26,4
DA:27,3
DA:28,3
DA:30,1
DA:35,1
DA:36,1
DA:37,1
DA:38,1
DA:39,1
DA:40,0
DA:41,1
DA:42,0
DA:44,1
DA:47,0
DA:51,1
DA:52,1
DA:53,1
DA:54,1
DA:56,1
DA:57,6
DA:58,6
DA:59,6
DA:60,6
DA:62,1
DA:67,1
LF:39
LH:36
BRDA:6,0,0,3
BRDA:12,1,0,1
BRDA:12,1,1,5
BRDA:18,2,0,0
BRDA:18,2,1,8
BRDA:19,3,0,4
BRDA:19,3,1,4
BRDA:20,4,0,2
BRDA:20,4,1,2
BRDA:26,5,0,3
BRDA:26,5,1,1
BRDA:35,6,0,0
BRDA:35,6,1,1
BRDA:38,7,0,1
BRDA:38,7,1,1
BRDA:39,8,0,0
BRDA:39,8,1,1
BRDA:41,9,0,0
BRDA:41,9,1,1
BRDA:59,10,0,2
BRDA:59,10,1,4
BRDA:60,11,0,3
BRDA:60,11,1,3
BRF:23
BRH:19
end_of_record
TN:
SF:challenges401/tree/node.js
FN:4,(anonymous_0)
FNF:1
FNH:1
FNDA:20,(anonymous_0)
DA:5,20
DA:6,20
DA:7,20
DA:11,1
LF:4
LH:4
BRDA:4,0,0,20
BRDA:4,1,0,20
BRF:2
BRH:2
end_of_record
TN:
SF:challenges401/tree/tree.js
FN:4,(anonymous_0)
FN:10,(anonymous_1)
FN:13,(anonymous_2)
FN:23,(anonymous_3)
FN:26,(anonymous_4)
FN:35,(anonymous_5)
FN:38,(anonymous_6)
FN:47,(anonymous_7)
FNF:8
FNH:4
FNDA:1,(anonymous_0)
FNDA:1,(anonymous_1)
FNDA:18,(anonymous_2)
FNDA:0,(anonymous_3)
FNDA:0,(anonymous_4)
FNDA:0,(anonymous_5)
FNDA:0,(anonymous_6)
FNDA:1,(anonymous_7)
DA:5,1
DA:11,1
DA:13,1
DA:14,18
DA:15,18
DA:16,18
DA:18,1
DA:19,1
DA:20,1
DA:24,0
DA:26,0
DA:27,0
DA:28,0
DA:29,0
DA:31,0
DA:32,0
DA:36,0
DA:38,0
DA:39,0
DA:40,0
DA:41,0
DA:43,0
DA:44,0
DA:48,1
DA:49,1
DA:50,1
DA:51,17
DA:52,2
DA:55,1
DA:60,1
LF:30
LH:16
BRDA:4,0,0,1
BRDA:15,1,0,8
BRDA:15,1,1,10
BRDA:16,2,0,8
BRDA:16,2,1,10
BRDA:27,3,0,0
BRDA:27,3,1,0
BRDA:29,4,0,0
BRDA:29,4,1,0
BRDA:39,5,0,0
BRDA:39,5,1,0
BRDA:40,6,0,0
BRDA:40,6,1,0
BRDA:51,7,0,2
BRDA:51,7,1,15
BRF:15
BRH:7
end_of_record
