TN:
SF:challenges401/tree/binary-search-tree.js
FN:6,(anonymous_0)
FN:10,(anonymous_1)
FN:34,(anonymous_2)
FNF:3
FNH:2
FNDA:3,(anonymous_0)
FNDA:7,(anonymous_1)
FNDA:0,(anonymous_2)
DA:3,1
DA:7,3
DA:11,7
DA:12,7
DA:13,2
DA:14,2
DA:16,5
DA:17,5
DA:18,5
DA:19,5
DA:20,0
DA:21,0
DA:22,0
DA:24,0
DA:26,5
DA:27,0
DA:28,0
DA:30,5
DA:35,0
DA:36,0
DA:37,0
DA:38,0
DA:39,0
DA:40,0
DA:41,0
DA:42,0
DA:44,0
DA:47,0
DA:51,1
LF:29
LH:13
BRDA:12,0,0,2
BRDA:12,0,1,5
BRDA:18,1,0,0
BRDA:18,1,1,5
BRDA:19,2,0,0
BRDA:19,2,1,5
BRDA:20,3,0,0
BRDA:20,3,1,0
BRDA:26,4,0,0
BRDA:26,4,1,5
BRDA:35,5,0,0
BRDA:35,5,1,0
BRDA:38,6,0,0
BRDA:38,6,1,0
BRDA:39,7,0,0
BRDA:39,7,1,0
BRDA:41,8,0,0
BRDA:41,8,1,0
BRF:18
BRH:5
end_of_record
TN:
SF:challenges401/tree/node.js
FN:4,(anonymous_0)
FNF:1
FNH:0
FNDA:0,(anonymous_0)
DA:5,0
DA:6,0
DA:7,0
DA:11,1
LF:4
LH:1
BRDA:4,0,0,0
BRDA:4,1,0,0
BRF:2
BRH:0
end_of_record
